# JRE version: Java(TM) SE Runtime Environment (8.0_102-b14) (build 1.8.0_102-b14)
# Java VM: Java HotSpot(TM) 64-Bit Server VM (25.102-b14 mixed mode windows-amd64 compressed oops)
Heap:
 PSYoungGen      total 363008K, used 89359K [0x00000000d5f00000, 0x00000000ee180000, 0x0000000100000000)
  eden space 330240K, 17% used [0x00000000d5f00000,0x00000000d97cc338,0x00000000ea180000)
  from space 32768K, 95% used [0x00000000ea180000,0x00000000ebff7920,0x00000000ec180000)
  to   space 27136K, 0% used [0x00000000ec700000,0x00000000ec700000,0x00000000ee180000)
 ParOldGen       total 172544K, used 102968K [0x0000000081c00000, 0x000000008c480000, 0x00000000d5f00000)
  object space 172544K, 59% used [0x0000000081c00000,0x000000008808e100,0x000000008c480000)
 Metaspace       used 56571K, capacity 58430K, committed 58624K, reserved 1099776K
  class space    used 7420K, capacity 7861K, committed 7936K, reserved 1048576K
GC Heap History (10 events):
Event: 61.844 GC heap before
{Heap before GC invocations=23 (full 8):
 PSYoungGen      total 357376K, used 2286K [0x00000000d5f00000, 0x00000000ee180000, 0x0000000100000000)
  eden space 330240K, 0% used [0x00000000d5f00000,0x00000000d613ba30,0x00000000ea180000)
  from space 27136K, 0% used [0x00000000ec700000,0x00000000ec700000,0x00000000ee180000)
  to   space 32768K, 0% used [0x00000000ea180000,0x00000000ea180000,0x00000000ec180000)
 ParOldGen       total 172544K, used 122459K [0x0000000081c00000, 0x000000008c480000, 0x00000000d5f00000)
  object space 172544K, 70% used [0x0000000081c00000,0x0000000089396e48,0x000000008c480000)
 Metaspace       used 56533K, capacity 58430K, committed 58624K, reserved 1099776K
  class space    used 7420K, capacity 7861K, committed 7936K, reserved 1048576K
Event: 61.846 GC heap after
Heap after GC invocations=23 (full 8):
 PSYoungGen      total 363008K, used 128K [0x00000000d5f00000, 0x00000000ee180000, 0x0000000100000000)
  eden space 330240K, 0% used [0x00000000d5f00000,0x00000000d5f00000,0x00000000ea180000)
  from space 32768K, 0% used [0x00000000ea180000,0x00000000ea1a0000,0x00000000ec180000)
  to   space 27136K, 0% used [0x00000000ec700000,0x00000000ec700000,0x00000000ee180000)
 ParOldGen       total 172544K, used 122459K [0x0000000081c00000, 0x000000008c480000, 0x00000000d5f00000)
  object space 172544K, 70% used [0x0000000081c00000,0x0000000089396e48,0x000000008c480000)
 Metaspace       used 56533K, capacity 58430K, committed 58624K, reserved 1099776K
  class space    used 7420K, capacity 7861K, committed 7936K, reserved 1048576K
}
Event: 62.731 GC heap before
{Heap before GC invocations=24 (full 8):
 PSYoungGen      total 363008K, used 330368K [0x00000000d5f00000, 0x00000000ee180000, 0x0000000100000000)
  eden space 330240K, 100% used [0x00000000d5f00000,0x00000000ea180000,0x00000000ea180000)
  from space 32768K, 0% used [0x00000000ea180000,0x00000000ea1a0000,0x00000000ec180000)
  to   space 27136K, 0% used [0x00000000ec700000,0x00000000ec700000,0x00000000ee180000)
 ParOldGen       total 172544K, used 122459K [0x0000000081c00000, 0x000000008c480000, 0x00000000d5f00000)
  object space 172544K, 70% used [0x0000000081c00000,0x0000000089396e48,0x000000008c480000)
 Metaspace       used 56538K, capacity 58430K, committed 58624K, reserved 1099776K
  class space    used 7420K, capacity 7861K, committed 7936K, reserved 1048576K
Event: 62.812 GC heap after
Heap after GC invocations=24 (full 8):
 PSYoungGen      total 357376K, used 27117K [0x00000000d5f00000, 0x00000000ee180000, 0x0000000100000000)
  eden space 330240K, 0% used [0x00000000d5f00000,0x00000000d5f00000,0x00000000ea180000)
  from space 27136K, 99% used [0x00000000ec700000,0x00000000ee17b5b8,0x00000000ee180000)
  to   space 32768K, 0% used [0x00000000ea180000,0x00000000ea180000,0x00000000ec180000)
 ParOldGen       total 172544K, used 147409K [0x0000000081c00000, 0x000000008c480000, 0x00000000d5f00000)
  object space 172544K, 85% used [0x0000000081c00000,0x000000008abf4648,0x000000008c480000)
 Metaspace       used 56538K, capacity 58430K, committed 58624K, reserved 1099776K
  class space    used 7420K, capacity 7861K, committed 7936K, reserved 1048576K
}
Event: 62.812 GC heap before
{Heap before GC invocations=25 (full 9):
 PSYoungGen      total 357376K, used 27117K [0x00000000d5f00000, 0x00000000ee180000, 0x0000000100000000)
  eden space 330240K, 0% used [0x00000000d5f00000,0x00000000d5f00000,0x00000000ea180000)
  from space 27136K, 99% used [0x00000000ec700000,0x00000000ee17b5b8,0x00000000ee180000)
  to   space 32768K, 0% used [0x00000000ea180000,0x00000000ea180000,0x00000000ec180000)
 ParOldGen       total 172544K, used 147409K [0x0000000081c00000, 0x000000008c480000, 0x00000000d5f00000)
  object space 172544K, 85% used [0x0000000081c00000,0x000000008abf4648,0x000000008c480000)
 Metaspace       used 56538K, capacity 58430K, committed 58624K, reserved 1099776K
  class space    used 7420K, capacity 7861K, committed 7936K, reserved 1048576K
Event: 63.572 GC heap after
Heap after GC invocations=25 (full 9):
 PSYoungGen      total 357376K, used 0K [0x00000000d5f00000, 0x00000000ee180000, 0x0000000100000000)
  eden space 330240K, 0% used [0x00000000d5f00000,0x00000000d5f00000,0x00000000ea180000)
  from space 27136K, 0% used [0x00000000ec700000,0x00000000ec700000,0x00000000ee180000)
  to   space 32768K, 0% used [0x00000000ea180000,0x00000000ea180000,0x00000000ec180000)
 ParOldGen       total 172544K, used 171045K [0x0000000081c00000, 0x000000008c480000, 0x00000000d5f00000)
  object space 172544K, 99% used [0x0000000081c00000,0x000000008c3094a0,0x000000008c480000)
 Metaspace       used 56538K, capacity 58430K, committed 58624K, reserved 1099776K
  class space    used 7420K, capacity 7861K, committed 7936K, reserved 1048576K
}
Event: 64.966 GC heap before
{Heap before GC invocations=26 (full 10):
 PSYoungGen      total 357376K, used 330240K [0x00000000d5f00000, 0x00000000ee180000, 0x0000000100000000)
  eden space 330240K, 100% used [0x00000000d5f00000,0x00000000ea180000,0x00000000ea180000)
  from space 27136K, 0% used [0x00000000ec700000,0x00000000ec700000,0x00000000ee180000)
  to   space 32768K, 0% used [0x00000000ea180000,0x00000000ea180000,0x00000000ec180000)
 ParOldGen       total 172544K, used 171045K [0x0000000081c00000, 0x000000008c480000, 0x00000000d5f00000)
  object space 172544K, 99% used [0x0000000081c00000,0x000000008c3094a0,0x000000008c480000)
 Metaspace       used 56559K, capacity 58430K, committed 58624K, reserved 1099776K
  class space    used 7420K, capacity 7861K, committed 7936K, reserved 1048576K
Event: 65.231 GC heap after
Heap after GC invocations=26 (full 10):
 PSYoungGen      total 357376K, used 0K [0x00000000d5f00000, 0x00000000ee180000, 0x0000000100000000)
  eden space 330240K, 0% used [0x00000000d5f00000,0x00000000d5f00000,0x00000000ea180000)
  from space 27136K, 0% used [0x00000000ec700000,0x00000000ec700000,0x00000000ee180000)
  to   space 32768K, 0% used [0x00000000ea180000,0x00000000ea180000,0x00000000ec180000)
 ParOldGen       total 172544K, used 102960K [0x0000000081c00000, 0x000000008c480000, 0x00000000d5f00000)
  object space 172544K, 59% used [0x0000000081c00000,0x000000008808c100,0x000000008c480000)
 Metaspace       used 56559K, capacity 58430K, committed 58624K, reserved 1099776K
  class space    used 7420K, capacity 7861K, committed 7936K, reserved 1048576K
}
Event: 65.945 GC heap before
{Heap before GC invocations=27 (full 10):
 PSYoungGen      total 357376K, used 330240K [0x00000000d5f00000, 0x00000000ee180000, 0x0000000100000000)
  eden space 330240K, 100% used [0x00000000d5f00000,0x00000000ea180000,0x00000000ea180000)
  from space 27136K, 0% used [0x00000000ec700000,0x00000000ec700000,0x00000000ee180000)
  to   space 32768K, 0% used [0x00000000ea180000,0x00000000ea180000,0x00000000ec180000)
 ParOldGen       total 172544K, used 102960K [0x0000000081c00000, 0x000000008c480000, 0x00000000d5f00000)
  object space 172544K, 59% used [0x0000000081c00000,0x000000008808c100,0x000000008c480000)
 Metaspace       used 56568K, capacity 58430K, committed 58624K, reserved 1099776K
  class space    used 7420K, capacity 7861K, committed 7936K, reserved 1048576K
Event: 66.024 GC heap after
Heap after GC invocations=27 (full 10):
 PSYoungGen      total 363008K, used 31198K [0x00000000d5f00000, 0x00000000ee180000, 0x0000000100000000)
  eden space 330240K, 0% used [0x00000000d5f00000,0x00000000d5f00000,0x00000000ea180000)
  from space 32768K, 95% used [0x00000000ea180000,0x00000000ebff7920,0x00000000ec180000)
  to   space 27136K, 0% used [0x00000000ec700000,0x00000000ec700000,0x00000000ee180000)
 ParOldGen       total 172544K, used 102968K [0x0000000081c00000, 0x000000008c480000, 0x00000000d5f00000)
  object space 172544K, 59% used [0x0000000081c00000,0x000000008808e100,0x000000008c480000)
 Metaspace       used 56568K, capacity 58430K, committed 58624K, reserved 1099776K
  class space    used 7420K, capacity 7861K, committed 7936K, reserved 1048576K
}

